
Presolving model
1 rows, 1 cols, 1 nonzeros
0 rows, 0 cols, 0 nonzeros
Presolve : Reductions: rows 0(-8); columns 0(-4); elements 0(-22) - Reduced to empty
Solving the original LP from the solution after postsolve
Model   status      : Optimal
Objective value     :  0.0000000000e+00
HiGHS run time      :          0.03
n time      :          0.01
r with basis
Using EKK dual simplex solver - serial
  Iteration        Objective     Infeasibilities num(sum)
          0                  nan Ph1: 7(inf); Du: 1(inf) 0s
          0                  nan Ph1: 7(inf); Du: 1(inf) 0s
Model   status      : Not Set
Simplex   iterations: -1
IPM       iterations: -1
Crossover iterations: -1
QP ASM    iterations: -1
Objective value     :  0.0000000000e+00
HiGHS run time      :          0.03
